DynDom Clustering Log - 4ake_A_2eck_B
Started: 2026-03-08 22:08:05
============================================================

Window 5, K=2 - 22:08:05
  Clusters: 2 (sizes: [np.int64(165), np.int64(45)])
  Min cluster size: 45
  PASS: All checks passed
  Domains: 2 (sizes: [np.int64(165), np.int64(45)])
  Reason: Hierarchical analysis successful (domains: 2)

Window 5, K=3 - 22:08:05
  Clusters: 3 (sizes: [np.int64(43), np.int64(34), np.int64(133)])
  Min cluster size: 34
  PASS: All checks passed
  Domains: 3 (sizes: [np.int64(43), np.int64(34), np.int64(133)])
  Reason: Hierarchical analysis successful (domains: 3)

Window 5, K=4 - 22:08:05
  Clusters: 4 (sizes: [np.int64(43), np.int64(132), np.int64(9), np.int64(26)])
  Min cluster size: 9
  FAIL: Cluster too small (< 20 residues)
  Reason: Cluster too small but previous valid solution exists (k=3)

============================================================
FINAL RESULT
Time: 2026-03-08 22:08:05
Final K: 3
Final window: 5
Status: 0
Number of domains: 3
Domain sizes: [np.int64(43), np.int64(34), np.int64(133)]
============================================================
